<?xml version="1.0" encoding="UTF-8"?>
<!-- Generated by org.testng.reporters.JUnitXMLReporter -->
<testsuite ignored="0" hostname="WINDOWS-080F6S1" failures="1" tests="1" name="Test(failed)" time="9.528" errors="0" timestamp="2023-11-10T09:43:29 IST">
  <testcase classname="executions.TC_01" name="navigateToAmazon" time="9.477">
    <failure type="java.lang.AssertionError">
      <![CDATA[java.lang.AssertionError
at org.junit.Assert.fail(Assert.java:86)
at org.junit.Assert.assertTrue(Assert.java:41)
at org.junit.Assert.assertTrue(Assert.java:52)
at executions.TC_01.navigateToAmazon(TC_01.java:22)
at java.base/java.util.ArrayList.forEach(ArrayList.java:1511)
... Removed 25 stack frames]]>
    </failure>
  </testcase> <!-- navigateToAmazon -->
</testsuite> <!-- Test(failed) -->
